2023-06-27 22:57:56,273 INFO org.springframework.boot.StartupInfoLogger [main] Starting Application using Java 17.0.7 on DESKTOP-2OD8JUN with PID 11948 (C:\SkillboxFinalProject\target\classes started by mitya in C:\SkillboxFinalProject)
2023-06-27 22:57:56,278 INFO org.springframework.boot.SpringApplication [main] No active profile set, falling back to 1 default profile: "default"
2023-06-27 22:57:57,187 INFO org.springframework.data.repository.config.RepositoryConfigurationDelegate [main] Bootstrapping Spring Data JPA repositories in DEFAULT mode.
2023-06-27 22:57:57,261 INFO org.springframework.data.repository.config.RepositoryConfigurationDelegate [main] Finished Spring Data repository scanning in 64 ms. Found 4 JPA repository interfaces.
2023-06-27 22:57:57,958 INFO org.springframework.boot.web.embedded.tomcat.TomcatWebServer [main] Tomcat initialized with port(s): 8080 (http)
2023-06-27 22:57:57,972 INFO org.apache.juli.logging.DirectJDKLog [main] Initializing ProtocolHandler ["http-nio-8080"]
2023-06-27 22:57:57,972 INFO org.apache.juli.logging.DirectJDKLog [main] Starting service [Tomcat]
2023-06-27 22:57:57,973 INFO org.apache.juli.logging.DirectJDKLog [main] Starting Servlet engine: [Apache Tomcat/9.0.64]
2023-06-27 22:57:58,108 INFO org.apache.juli.logging.DirectJDKLog [main] Initializing Spring embedded WebApplicationContext
2023-06-27 22:57:58,108 INFO org.springframework.boot.web.servlet.context.ServletWebServerApplicationContext [main] Root WebApplicationContext: initialization completed in 1765 ms
2023-06-27 22:57:58,339 INFO org.hibernate.jpa.internal.util.LogHelper [main] HHH000204: Processing PersistenceUnitInfo [name: default]
2023-06-27 22:57:58,396 INFO org.hibernate.Version [main] HHH000412: Hibernate ORM core version 5.6.11.Final
2023-06-27 22:57:58,581 INFO org.hibernate.annotations.common.reflection.java.JavaReflectionManager [main] HCANN000001: Hibernate Commons Annotations {5.1.2.Final}
2023-06-27 22:57:58,704 INFO com.zaxxer.hikari.HikariDataSource [main] HikariPool-1 - Starting...
2023-06-27 22:57:58,855 INFO com.zaxxer.hikari.HikariDataSource [main] HikariPool-1 - Start completed.
2023-06-27 22:57:58,871 INFO org.hibernate.dialect.Dialect [main] HHH000400: Using dialect: org.hibernate.dialect.MySQL8Dialect
2023-06-27 22:57:59,570 INFO org.hibernate.engine.transaction.jta.platform.internal.JtaPlatformInitiator [main] HHH000490: Using JtaPlatform implementation: [org.hibernate.engine.transaction.jta.platform.internal.NoJtaPlatform]
2023-06-27 22:57:59,579 INFO org.springframework.orm.jpa.AbstractEntityManagerFactoryBean [main] Initialized JPA EntityManagerFactory for persistence unit 'default'
2023-06-27 22:58:00,675 INFO org.springframework.security.web.DefaultSecurityFilterChain [main] Will secure any request with [org.springframework.security.web.session.DisableEncodeUrlFilter@2b30b627, org.springframework.security.web.context.request.async.WebAsyncManagerIntegrationFilter@5fa9971f, org.springframework.security.web.context.SecurityContextPersistenceFilter@7c07023, org.springframework.security.web.header.HeaderWriterFilter@12478b4e, org.springframework.security.web.authentication.logout.LogoutFilter@691a5c3a, org.springframework.security.web.authentication.UsernamePasswordAuthenticationFilter@5c552f08, org.springframework.security.web.authentication.ui.DefaultLoginPageGeneratingFilter@1701beb3, org.springframework.security.web.authentication.ui.DefaultLogoutPageGeneratingFilter@70a24463, org.springframework.security.web.savedrequest.RequestCacheAwareFilter@774189d0, org.springframework.security.web.servletapi.SecurityContextHolderAwareRequestFilter@22c4354d, org.springframework.security.web.authentication.AnonymousAuthenticationFilter@684430c1, org.springframework.security.web.session.SessionManagementFilter@18918d70, org.springframework.security.web.access.ExceptionTranslationFilter@152d2a58, org.springframework.security.web.access.intercept.FilterSecurityInterceptor@9734cae]
2023-06-27 22:58:00,956 INFO org.springframework.boot.autoconfigure.web.servlet.WelcomePageHandlerMapping [main] Adding welcome page template: index
2023-06-27 22:58:01,815 INFO org.apache.juli.logging.DirectJDKLog [main] Starting ProtocolHandler ["http-nio-8080"]
2023-06-27 22:58:01,821 WARN org.springframework.context.support.AbstractApplicationContext [main] Exception encountered during context initialization - cancelling refresh attempt: org.springframework.context.ApplicationContextException: Failed to start bean 'webServerStartStop'; nested exception is org.springframework.boot.web.server.PortInUseException: Port 8080 is already in use
2023-06-27 22:58:01,825 INFO org.springframework.orm.jpa.AbstractEntityManagerFactoryBean [main] Closing JPA EntityManagerFactory for persistence unit 'default'
2023-06-27 22:58:01,827 INFO com.zaxxer.hikari.HikariDataSource [main] HikariPool-1 - Shutdown initiated...
2023-06-27 22:58:01,835 INFO com.zaxxer.hikari.HikariDataSource [main] HikariPool-1 - Shutdown completed.
2023-06-27 22:58:01,838 INFO org.apache.juli.logging.DirectJDKLog [main] Pausing ProtocolHandler ["http-nio-8080"]
2023-06-27 22:58:01,839 INFO org.apache.juli.logging.DirectJDKLog [main] Stopping service [Tomcat]
2023-06-27 22:58:01,843 INFO org.apache.juli.logging.DirectJDKLog [main] Stopping ProtocolHandler ["http-nio-8080"]
2023-06-27 22:58:01,844 INFO org.apache.juli.logging.DirectJDKLog [main] Destroying ProtocolHandler ["http-nio-8080"]
2023-06-27 22:58:01,852 INFO org.springframework.boot.autoconfigure.logging.ConditionEvaluationReportLoggingListener [main] 

Error starting ApplicationContext. To display the conditions report re-run your application with 'debug' enabled.
2023-06-27 22:58:01,870 ERROR org.springframework.boot.diagnostics.LoggingFailureAnalysisReporter [main] 

***************************
APPLICATION FAILED TO START
***************************

Description:

Web server failed to start. Port 8080 was already in use.

Action:

Identify and stop the process that's listening on port 8080 or configure this application to listen on another port.

